2016-07-28 18:21:01 INFO [JavaFX Application Thread] sst.sigillo.intrfc.JSONInterface:43 - Loading JSON file data/sigillo.json...
2016-07-28 18:21:01 WARN [JavaFX Application Thread] sst.sigillo.intrfc.JSONInterface:53 - data\sigillo.json (The system cannot find the path specified)
2016-07-28 18:21:01 INFO [JavaFX Application Thread] sst.sigillo.intrfc.XMLInterface:47 - Loading XML file data/sigillo.xml...
2016-07-28 18:21:01 ERROR [JavaFX Application Thread] sst.sigillo.intrfc.XMLInterface:72 - Cannot access to XML file data/sigillo.xml
javax.xml.bind.UnmarshalException: null
	at com.sun.xml.bind.v2.runtime.unmarshaller.UnmarshallerImpl.unmarshal0(UnmarshallerImpl.java:261)
	at com.sun.xml.bind.v2.runtime.unmarshaller.UnmarshallerImpl.unmarshal(UnmarshallerImpl.java:229)
	at javax.xml.bind.helpers.AbstractUnmarshallerImpl.unmarshal(AbstractUnmarshallerImpl.java:157)
	at javax.xml.bind.helpers.AbstractUnmarshallerImpl.unmarshal(AbstractUnmarshallerImpl.java:162)
	at javax.xml.bind.helpers.AbstractUnmarshallerImpl.unmarshal(AbstractUnmarshallerImpl.java:171)
	at javax.xml.bind.helpers.AbstractUnmarshallerImpl.unmarshal(AbstractUnmarshallerImpl.java:189)
	at sst.sigillo.intrfc.XMLInterface.load(XMLInterface.java:58)
	at sst.sigillo.intrfc.XMLInterface.load(XMLInterface.java:43)
	at sst.sigillo.model.SigilloModel.<clinit>(SigilloModel.java:39)
	at sst.sigillo.main.Sigillo.<init>(Sigillo.java:50)
	at sun.reflect.NativeConstructorAccessorImpl.newInstance0(Native Method)
	at sun.reflect.NativeConstructorAccessorImpl.newInstance(NativeConstructorAccessorImpl.java:62)
	at sun.reflect.DelegatingConstructorAccessorImpl.newInstance(DelegatingConstructorAccessorImpl.java:45)
	at java.lang.reflect.Constructor.newInstance(Constructor.java:422)
	at com.sun.javafx.application.LauncherImpl.lambda$launchApplication1$162(LauncherImpl.java:819)
	at com.sun.javafx.application.PlatformImpl.lambda$runAndWait$176(PlatformImpl.java:326)
	at com.sun.javafx.application.PlatformImpl.lambda$null$174(PlatformImpl.java:295)
	at java.security.AccessController.doPrivileged(Native Method)
	at com.sun.javafx.application.PlatformImpl.lambda$runLater$175(PlatformImpl.java:294)
	at com.sun.glass.ui.InvokeLaterDispatcher$Future.run(InvokeLaterDispatcher.java:95)
	at com.sun.glass.ui.win.WinApplication._runLoop(Native Method)
	at com.sun.glass.ui.win.WinApplication.lambda$null$149(WinApplication.java:191)
	at java.lang.Thread.run(Thread.java:745)
Caused by: java.io.FileNotFoundException: C:\zt974\git_repo_perso\sigillo\data\sigillo.xml (The system cannot find the path specified)
	at java.io.FileInputStream.open0(Native Method)
	at java.io.FileInputStream.open(FileInputStream.java:195)
	at java.io.FileInputStream.<init>(FileInputStream.java:138)
	at java.io.FileInputStream.<init>(FileInputStream.java:93)
	at sun.net.www.protocol.file.FileURLConnection.connect(FileURLConnection.java:90)
	at sun.net.www.protocol.file.FileURLConnection.getInputStream(FileURLConnection.java:188)
	at com.sun.org.apache.xerces.internal.impl.XMLEntityManager.setupCurrentEntity(XMLEntityManager.java:622)
	at com.sun.org.apache.xerces.internal.impl.XMLVersionDetector.determineDocVersion(XMLVersionDetector.java:189)
	at com.sun.org.apache.xerces.internal.parsers.XML11Configuration.parse(XML11Configuration.java:812)
	at com.sun.org.apache.xerces.internal.parsers.XML11Configuration.parse(XML11Configuration.java:777)
	at com.sun.org.apache.xerces.internal.parsers.XMLParser.parse(XMLParser.java:141)
	at com.sun.org.apache.xerces.internal.parsers.AbstractSAXParser.parse(AbstractSAXParser.java:1213)
	at com.sun.org.apache.xerces.internal.jaxp.SAXParserImpl$JAXPSAXParser.parse(SAXParserImpl.java:649)
	at com.sun.xml.bind.v2.runtime.unmarshaller.UnmarshallerImpl.unmarshal0(UnmarshallerImpl.java:258)
	... 22 common frames omitted
2016-07-28 18:21:47 INFO [JavaFX Application Thread] sst.sigillo.intrfc.JSONInterface:43 - Loading JSON file data/sigillo.json...
2016-07-28 18:21:48 INFO [JavaFX Application Thread] sst.sigillo.main.Sigillo:56 - -----------------------------------------------------------------------
2016-07-28 18:21:48 INFO [JavaFX Application Thread] sst.sigillo.main.Sigillo:57 - --- Sigillo - Sigillo v 0.1
2016-07-28 18:21:48 INFO [JavaFX Application Thread] sst.sigillo.output.HTMLExportFile:48 - Creating CSS Sheet...
2016-07-28 18:21:48 INFO [JavaFX Application Thread] sst.sigillo.output.HTMLExportFile:53 - Creation of CSS Sheet done
2016-07-28 18:21:48 INFO [JavaFX Application Thread] sst.sigillo.output.HTMLExportFile:34 - Exporting to HTML file index.html...
2016-07-28 18:21:48 INFO [JavaFX Application Thread] sst.sigillo.output.HTMLExportFile:44 - Export done. 
